Added Component: Designator=AD?(AD)
Added Component: Designator=IOH ?(IOH 1)
Added Component: Designator=IOH ?(IOH 2)
Added Component: Designator=POWER?(POWER)
Added Pin To Net: NetName=IO8 Pin=IOH ?-1
Added Pin To Net: NetName=IO9 Pin=IOH ?-2
Added Pin To Net: NetName=IO2 Pin=IOH ?-3
Added Pin To Net: NetName=IO10 Pin=IOH ?-3
Added Pin To Net: NetName=IO3 Pin=IOH ?-4
Added Pin To Net: NetName=IO11 Pin=IOH ?-4
Added Pin To Net: NetName=IO4 Pin=IOH ?-5
Added Pin To Net: NetName=IO5 Pin=IOH ?-6
Added Pin To Net: NetName=GND Pin=IOH ?-7
Added Pin To Net: NetName=IO6 Pin=IOH ?-7
Added Pin To Net: NetName=IO7 Pin=IOH ?-8
Added Pin To Net: NetName=GND Pin=POWER?-2
Added Pin To Net: NetName=GND Pin=POWER?-3
Added Pin To Net: NetName=5V Pin=POWER?-4
Added Pin To Net: NetName=3V3 Pin=POWER?-5
Added Net: Name=3V3
Added Pin To Net: NetName=AD0 Pin=AD?-1
Added Net: Name=AD0
Added Pin To Net: NetName=AD1 Pin=AD?-2
Added Net: Name=AD1
Added Pin To Net: NetName=AD2 Pin=AD?-3
Added Net: Name=AD2
Added Pin To Net: NetName=AD3 Pin=AD?-4
Added Net: Name=AD3
Added Pin To Net: NetName=AD4 Pin=AD?-5
Added Net: Name=AD4
Added Pin To Net: NetName=AD5 Pin=AD?-6
Added Net: Name=AD5
Added Pin To Net: NetName=AREF Pin=IOH ?-8
Added Net: Name=AREF
Added Pin To Net: NetName=IO0 Pin=IOH ?-1
Added Net: Name=IO0
Added Pin To Net: NetName=IO1 Pin=IOH ?-2
Added Net: Name=IO1
Added Pin To Net: NetName=IO12 Pin=IOH ?-5
Added Net: Name=IO12
Added Pin To Net: NetName=IO13 Pin=IOH ?-6
Added Net: Name=IO13
Added Pin To Net: NetName=IOREF Pin=POWER?-7
Added Net: Name=IOREF
Add Net: Net with name "Net*?_2" already exists
Add Net: Net with name "Net*?_2" already exists
Add Net: Net with name "Net*?_2" already exists
Add Net: Net with name "Net*?_2" already exists
Add Net: Net with name "Net*?_2" already exists
Add Net: Net with name "Net*_3" already exists
Added Pin To Net: NetName=RESET Pin=POWER?-6
Added Net: Name=RESET
Added Pin To Net: NetName=SCL Pin=IOH ?-10
Added Net: Name=SCL
Added Pin To Net: NetName=SDA Pin=IOH ?-9
Added Net: Name=SDA
Added Pin To Net: NetName=Vin Pin=POWER?-1
Added Net: Name=Vin
Added Member To Class: ClassName=WeatherStation Member=Component *? Resistor 330
Added Member To Class: ClassName=WeatherStation Member=Component *? Resistor 330
Added Member To Class: ClassName=WeatherStation Member=Component *? Resistor 330
Added Member To Class: ClassName=WeatherStation Member=Component *? Resistor 330
Added Member To Class: ClassName=WeatherStation Member=Component *? Resistor 4.7k
Added Member To Class: ClassName=WeatherStation Member=Component *? Resistor 330
Added Member To Class: ClassName=WeatherStation Member=Component *? Resistor 330
Added Member To Class: ClassName=WeatherStation Member=Component * Resistor 330
Added Member To Class: ClassName=WeatherStation Member=Component * LTS543R
Added Member To Class: ClassName=WeatherStation Member=Component * LTS543R
Added Member To Class: ClassName=WeatherStation Member=Component * Transistor
Added Member To Class: ClassName=WeatherStation Member=Component * DHT11
Added Member To Class: ClassName=WeatherStation Member=Component * Transistor
Added Member To Class: ClassName=WeatherStation Member=Component AD? AD
Added Member To Class: ClassName=WeatherStation Member=Component IOH ? IOH 1
Added Member To Class: ClassName=WeatherStation Member=Component IOH ? IOH 2
Added Member To Class: ClassName=WeatherStation Member=Component POWER? POWER
