Removed Pin From Net: NetName=IO8 Pin=IOH 1-1
Removed Pin From Net: NetName=IO9 Pin=IOH 1-2
Removed Pin From Net: NetName=IO10 Pin=IOH 1-3
Removed Pin From Net: NetName=IO11 Pin=IOH 1-4
Removed Pin From Net: NetName=GND Pin=IOH 1-7
Removed Pin From Net: NetName=IO2 Pin=IOH 2-3
Removed Pin From Net: NetName=IO3 Pin=IOH 2-4
Removed Pin From Net: NetName=IO4 Pin=IOH 2-5
Removed Pin From Net: NetName=IO5 Pin=IOH 2-6
Removed Pin From Net: NetName=IO6 Pin=IOH 2-7
Removed Pin From Net: NetName=IO7 Pin=IOH 2-8
Removed Pin From Net: NetName=GND Pin=POWER-2
Removed Pin From Net: NetName=GND Pin=POWER-3
Removed Pin From Net: NetName=5V Pin=POWER-4
Added Component: Designator=*?(RESISTOR)
Added Component: Designator=*?(RESISTOR)
Added Component: Designator=*?(RESISTOR)
Added Component: Designator=*?(RESISTOR)
Added Component: Designator=*?(RESISTOR)
Added Component: Designator=*?(RESISTOR)
Added Component: Designator=*?(RESISTOR)
Added Component: Designator=*?(RESISTOR)
Added Component: Designator=*(TRANSISTOR)
Added Component: Designator=*(7SEGMENT)
Added Component: Designator=*(RESISTOR)
Added Component: Designator=*(AD)
Added Component: Designator=*(POWER)
Added Component: Designator=*(IOH 2)
Added Component: Designator=*(DHT11)
Added Component: Designator=*(TRANSISTOR)
Added Component: Designator=*(7SEGMENT)
Added Component: Designator=*(RESISTOR)
Added Component: Designator=*(IOH 1)
Added Pin To Net: NetName=5V Pin=*-1
Added Pin To Net: NetName=IO2 Pin=*-1
Added Pin To Net: NetName=IO9 Pin=*-1
Added Pin To Net: NetName=IO11 Pin=*-2
Added Pin To Net: NetName=GND Pin=*-4
Added Pin To Net: NetName=IO3 Pin=*?-1
Added Pin To Net: NetName=IO4 Pin=*?-1
Added Pin To Net: NetName=IO5 Pin=*?-1
Added Pin To Net: NetName=IO6 Pin=*?-1
Added Pin To Net: NetName=IO7 Pin=*?-1
Added Pin To Net: NetName=IO8 Pin=*?-1
Added Pin To Net: NetName=IO10 Pin=*?-1
Added Pin To Net: NetName=IO11 Pin=*?-1
Added Pin To Net: NetName=5V Pin=*?-2
Added Pin To Net: NetName=a Pin=*-7
Added Net: Name=a
Added Pin To Net: NetName=b Pin=*-6
Added Net: Name=b
Added Pin To Net: NetName=c Pin=*-4
Added Net: Name=c
Added Pin To Net: NetName=d Pin=*-2
Added Net: Name=d
Added Pin To Net: NetName=e Pin=*-1
Added Net: Name=e
Added Pin To Net: NetName=f Pin=*-9
Added Net: Name=f
Added Pin To Net: NetName=g Pin=*-10
Added Net: Name=g
Added Pin To Net: NetName=Net*?_2 Pin=*-1
Added Pin To Net: NetName=Net*?_2 Pin=*?-2
Added Net: Name=Net*?_2
Add Net: Net with name "Net*?_2" already exists
Add Net: Net with name "Net*?_2" already exists
Add Net: Net with name "Net*?_2" already exists
Add Net: Net with name "Net*?_2" already exists
Add Net: Net with name "Net*?_2" already exists
Added Pin To Net: NetName=Net*_2 Pin=*-2
Added Pin To Net: NetName=Net*_2 Pin=*-4
Added Net: Name=Net*_2
Added Pin To Net: NetName=Net*_3 Pin=*-3
Added Pin To Net: NetName=Net*_3 Pin=*-8
Added Net: Name=Net*_3
Add Net: Net with name "Net*_3" already exists
Added Class: Name=WeatherStation
