Added Component: Designator=U1(TSQFP50P700X700X120-32N)
Added Component: Designator=U2(L293)
Added Pin To Net: NetName=NetR4_1 Pin=U1-1
Added Pin To Net: NetName=NetJ1_2 Pin=U1-4
Added Pin To Net: NetName=NetJ5_1 Pin=U1-5
Added Pin To Net: NetName=5V Pin=U1-7
Added Pin To Net: NetName=GND Pin=U1-8
Added Pin To Net: NetName=NetC5_1 Pin=U1-9
Added Pin To Net: NetName=NetC4_1 Pin=U1-10
Added Pin To Net: NetName=NetU1_12 Pin=U1-12
Added Pin To Net: NetName=NetU1_13 Pin=U1-13
Added Pin To Net: NetName=NetU1_14 Pin=U1-14
Added Pin To Net: NetName=NetU1_15 Pin=U1-15
Added Pin To Net: NetName=NetU1_16 Pin=U1-16
Added Pin To Net: NetName=NetU1_17 Pin=U1-17
Added Pin To Net: NetName=5V Pin=U1-20
Added Pin To Net: NetName=GND Pin=U1-22
Added Pin To Net: NetName=NetU1_12 Pin=U2-1
Added Pin To Net: NetName=NetU1_13 Pin=U2-2
Added Pin To Net: NetName=NetJ4_2 Pin=U2-3
Added Pin To Net: NetName=GND Pin=U2-4
Added Pin To Net: NetName=GND Pin=U2-5
Added Pin To Net: NetName=NetJ4_1 Pin=U2-6
Added Pin To Net: NetName=NetU1_14 Pin=U2-7
Added Pin To Net: NetName=9V Pin=U2-8
Added Pin To Net: NetName=NetU1_17 Pin=U2-9
Added Pin To Net: NetName=NetU1_16 Pin=U2-10
Added Pin To Net: NetName=NetJ2_2 Pin=U2-11
Added Pin To Net: NetName=GND Pin=U2-12
Added Pin To Net: NetName=GND Pin=U2-13
Added Pin To Net: NetName=NetJ2_1 Pin=U2-14
Added Pin To Net: NetName=NetU1_15 Pin=U2-15
Added Pin To Net: NetName=9V Pin=U2-16
Added Member To Class: ClassName=STRIP BOARD Member=Component U1 328
Added Member To Class: ClassName=STRIP BOARD Member=Component U2 L293DL
