Removed Pin From Net: NetName=Net*_1 Pin=*-1
Removed Pin From Net: NetName=Net* Pin=*-2
Added Component: Designator=*?(TRANSISTOR)
Added Component: Designator=*(Diode)
Added Component: Designator=*(Diode)
Added Component: Designator=*(Polarized Capacitor)
Added Component: Designator=*(Polarized Capacitor)
Added Component: Designator=*(555)
Added Component: Designator=*(Resistor 1)
Added Component: Designator=*(Resistor 1)
Added Component: Designator=*(Diode)
Added Component: Designator=*(Resistor 1)
Added Component: Designator=C?(Polarized Capacitor)
Added Component: Designator=C?(Polarized Capacitor)
Added Pin To Net: NetName=GND Pin=*-1
Added Pin To Net: NetName=GND Pin=*-1
Added Pin To Net: NetName=Net*_1 Pin=*-1
Added Pin To Net: NetName=Net*_1 Pin=*-2
Added Pin To Net: NetName=Net* Pin=*-2
Add Pin To Net: Unknown Pin: Pin *-
Add Pin To Net: Unknown Pin: Pin *-
Added Pin To Net: NetName=Net* Pin=C?-1
Added Pin To Net: NetName=Net* Pin=C?-1
Added Pin To Net: NetName=GND Pin=C?-2
Added Pin To Net: NetName=GND Pin=C?-2
Add Net: Net with name "Net*_1" already exists
Add Net: Net with name "Net*" already exists
Add Net: Net with name "Net*" already exists
Add Net: Net with name "Net*" already exists
Added Member To Class: ClassName=Sheet1 Member=Component *? Transistor
Added Member To Class: ClassName=Sheet1 Member=Component * LED
Added Member To Class: ClassName=Sheet1 Member=Component * LED
Added Member To Class: ClassName=Sheet1 Member=Component * Capacitor 100n
Added Member To Class: ClassName=Sheet1 Member=Component * Capacitor 100n
Added Member To Class: ClassName=Sheet1 Member=Component * 555
Added Member To Class: ClassName=Sheet1 Member=Component * Resistor2
Added Member To Class: ClassName=Sheet1 Member=Component * Resistor2
Added Member To Class: ClassName=Sheet1 Member=Component * LED
Added Member To Class: ClassName=Sheet1 Member=Component * Resistor2
Added Member To Class: ClassName=Sheet1 Member=Component C? 100uF
Added Member To Class: ClassName=Sheet1 Member=Component C? 100n
